<?xml version="1.0" encoding="UTF-8"?>
<testsuite xmlns:xsi="http://www.w3.org/2001/XMLSchema-instance" xsi:schemaLocation="https://maven.apache.org/surefire/maven-surefire-plugin/xsd/surefire-test-report.xsd" name="test.java.CreateQuestionInt" time="0.417" tests="2" errors="2" skipped="0" failures="0">
  <properties>
[...]
</properties>
  <testcase name="test1" classname="test.java.CreateQuestionInt" time="0.094">
    <error message="Can&apos;t find bundle for base name Etiquetas, locale es_ES" type="java.util.MissingResourceException">java.util.MissingResourceException: Can't find bundle for base name Etiquetas, locale es_ES
	at test.java.CreateQuestionInt.test1(CreateQuestionInt.java:65)
</error>
    <system-out><![CDATA[Creating DataAccess instance => isDatabaseLocal: true getDatabBaseOpenMode: initialize
Opening DataAccess instance => isDatabaseLocal: true getDatabBaseOpenMode: initialize
Creating BLFacadeImplementation instance with DataAccess parameter
Opening DataAccess instance => isDatabaseLocal: true getDatabBaseOpenMode: initialize
Deleting the DataBase
newDate: Fri Nov 17 00:00:00 CET 2023
newDate: Fri Nov 17 00:00:00 CET 2023
newDate: Fri Nov 17 00:00:00 CET 2023
newDate: Fri Nov 17 00:00:00 CET 2023
newDate: Fri Nov 17 00:00:00 CET 2023
newDate: Fri Nov 17 00:00:00 CET 2023
newDate: Fri Nov 17 00:00:00 CET 2023
newDate: Fri Nov 17 00:00:00 CET 2023
newDate: Fri Nov 17 00:00:00 CET 2023
newDate: Fri Nov 17 00:00:00 CET 2023
newDate: Wed Nov 01 00:00:00 CET 2023
newDate: Wed Nov 01 00:00:00 CET 2023
newDate: Wed Nov 01 00:00:00 CET 2023
newDate: Wed Nov 01 00:00:00 CET 2023
newDate: Wed Nov 01 00:00:00 CET 2023
newDate: Wed Nov 01 00:00:00 CET 2023
newDate: Thu Dec 28 00:00:00 CET 2023
newDate: Thu Dec 28 00:00:00 CET 2023
newDate: Thu Dec 28 00:00:00 CET 2023
newDate: Thu Dec 28 00:00:00 CET 2023
newDate: Thu Sep 21 00:00:00 CEST 2023
newDate: Fri Nov 17 00:00:00 CET 2023
newDate: Fri Nov 17 00:00:00 CET 2023
newDate: Fri Nov 17 00:00:00 CET 2023
newDate: Wed Nov 01 00:00:00 CET 2023
newDate: Wed Nov 01 00:00:00 CET 2023
newDate: Fri Nov 17 00:00:00 CET 2023
DataBase closed
Creating TestFacadeImplementation instance
Creating TestDataAccess instance
Opening TestDataAccess instance 
DataBase closed
Opening TestDataAccess instance 
>> DataAccessTest: addEvent
DataBase closed
Opening DataAccess instance => isDatabaseLocal: true getDatabBaseOpenMode: initialize
Opening TestDataAccess instance 
>> DataAccessTest: removeEvent
DataBase closed
Finally true
]]></system-out>
    <system-err><![CDATA[[ObjectDB 2.8.1] javax.persistence.RollbackException
Failed to commit transaction: Attempt to reuse an existing primary key value (domain.Team:'Alaves') (error 613)
	at com.objectdb.jpa.EMImpl.commit(EMImpl.java:289)
	at dataAccess.DataAccess.initializeDB(DataAccess.java:595)
	at businessLogic.BLFacadeImplementation.<init>(BLFacadeImplementation.java:56)
	at test.java.CreateQuestionInt.setUpClass(CreateQuestionInt.java:36)
	at java.base/jdk.internal.reflect.NativeMethodAccessorImpl.invoke0(Native Method)
	at java.base/jdk.internal.reflect.NativeMethodAccessorImpl.invoke(NativeMethodAccessorImpl.java:64)
	at java.base/jdk.internal.reflect.DelegatingMethodAccessorImpl.invoke(DelegatingMethodAccessorImpl.java:43)
	at java.base/java.lang.reflect.Method.invoke(Method.java:564)
	at org.junit.runners.model.FrameworkMethod$1.runReflectiveCall(FrameworkMethod.java:59)
	at org.junit.internal.runners.model.ReflectiveCallable.run(ReflectiveCallable.java:12)
	at org.junit.runners.model.FrameworkMethod.invokeExplosively(FrameworkMethod.java:56)
	at org.junit.internal.runners.statements.RunBefores.invokeMethod(RunBefores.java:33)
	at org.junit.internal.runners.statements.RunBefores.evaluate(RunBefores.java:24)
	at org.junit.runners.ParentRunner$3.evaluate(ParentRunner.java:306)
	at org.junit.runners.ParentRunner.run(ParentRunner.java:413)
	at org.apache.maven.surefire.junit4.JUnit4Provider.execute(JUnit4Provider.java:367)
	at org.apache.maven.surefire.junit4.JUnit4Provider.executeWithRerun(JUnit4Provider.java:274)
	at org.apache.maven.surefire.junit4.JUnit4Provider.executeTestSet(JUnit4Provider.java:238)
	at org.apache.maven.surefire.junit4.JUnit4Provider.invoke(JUnit4Provider.java:161)
	at org.apache.maven.surefire.booter.ForkedBooter.invokeProviderInSameClassLoader(ForkedBooter.java:290)
	at org.apache.maven.surefire.booter.ForkedBooter.runSuitesInProcess(ForkedBooter.java:242)
	at org.apache.maven.surefire.booter.ForkedBooter.main(ForkedBooter.java:121)
Caused by: javax.persistence.EntityExistsException: com.objectdb.o.UserException: Attempt to reuse an existing primary key value (domain.Team:'Alaves')
	at com.objectdb.o._EntityExistsException.a(_EntityExistsException.java:46)
	at com.objectdb.o.JPE.d(JPE.java:100)
	at com.objectdb.o.JPE.d(JPE.java:80)
	... 24 more
Caused by: com.objectdb.o.UserException: Attempt to reuse an existing primary key value (domain.Team:'Alaves')
	at com.objectdb.o.MSG.a(MSG.java:64)
	at com.objectdb.o.PPW.ad(PPW.java:209)
	at com.objectdb.o.PGW.ak(PGW.java:212)
	at com.objectdb.o.UPT.u(UPT.java:135)
	at com.objectdb.o.URT.g(URT.java:173)
	at com.objectdb.o.TSK.b(TSK.java:146)
	at com.objectdb.o.TSK.c(TSK.java:96)
	at com.objectdb.o.TSM.a(TSM.java:88)
	at com.objectdb.o.UTT.r(UTT.java:377)
	at com.objectdb.o.UTT.g(UTT.java:210)
	at com.objectdb.o.TSK.b(TSK.java:146)
	at com.objectdb.o.TSK.c(TSK.java:96)
	at com.objectdb.o.TSM.a(TSM.java:88)
	at com.objectdb.o.MST.ZR(MST.java:1437)
	at com.objectdb.o.WRA.ZR(WRA.java:398)
	at com.objectdb.o.WSM.ZR(WSM.java:186)
	at com.objectdb.o.OBM.aP(OBM.java:959)
	at com.objectdb.o.OBM.aS(OBM.java:859)
	at com.objectdb.o.OBM.aG(OBM.java:759)
	at com.objectdb.jpa.EMImpl.commit(EMImpl.java:286)
	... 21 more
]]></system-err>
  </testcase>
  <testcase name="test2" classname="test.java.CreateQuestionInt" time="0.135">
    <error message="Can&apos;t find bundle for base name Etiquetas, locale es_ES" type="java.util.MissingResourceException">java.util.MissingResourceException: Can't find bundle for base name Etiquetas, locale es_ES
	at test.java.CreateQuestionInt.test2(CreateQuestionInt.java:109)
</error>
    <system-out><![CDATA[Opening TestDataAccess instance 
>> DataAccessTest: addEvent
DataBase closed
Opening DataAccess instance => isDatabaseLocal: true getDatabBaseOpenMode: initialize
Opening TestDataAccess instance 
>> DataAccessTest: removeEvent
DataBase closed
Finally true
]]></system-out>
  </testcase>
</testsuite>