<?xml version="1.0" encoding="UTF-8"?>
<testsuite xmlns:xsi="http://www.w3.org/2001/XMLSchema-instance" xsi:schemaLocation="https://maven.apache.org/surefire/maven-surefire-plugin/xsd/surefire-test-report.xsd" name="test.java.GertaerakSortuDAB" time="0.069" tests="5" errors="1" skipped="0" failures="1">
  <properties>
[...]
</properties>
  <testcase name="test1" classname="test.java.GertaerakSortuDAB" time="0.066"/>
  <testcase name="test2" classname="test.java.GertaerakSortuDAB" time="0.001"/>
  <testcase name="test3" classname="test.java.GertaerakSortuDAB" time="0"/>
  <testcase name="test4" classname="test.java.GertaerakSortuDAB" time="0.001">
    <failure type="java.lang.AssertionError">java.lang.AssertionError
	at test.java.GertaerakSortuDAB.test4(GertaerakSortuDAB.java:82)
</failure>
    <system-out><![CDATA[newDate: Fri Nov 17 00:00:00 CET 2023
]]></system-out>
  </testcase>
  <testcase name="test5" classname="test.java.GertaerakSortuDAB" time="0.001">
    <error message="Attempt to begin a new transaction when a transaction is active [PMImpl]" type="com.objectdb.o._PersistenceException">com.objectdb.o._PersistenceException: Attempt to begin a new transaction when a transaction is active [PMImpl]
	at test.java.GertaerakSortuDAB.test5(GertaerakSortuDAB.java:101)
Caused by: com.objectdb.o.UserException: Attempt to begin a new transaction when a transaction is active [PMImpl]
	at test.java.GertaerakSortuDAB.test5(GertaerakSortuDAB.java:101)
</error>
    <system-out><![CDATA[newDate: Fri Nov 17 00:00:00 CET 2023
]]></system-out>
  </testcase>
</testsuite>